<?xml version="1.0" encoding="UTF-8"?>
<!-- Generated by org.testng.reporters.JUnitReportReporter -->
<testsuite skipped="0" hostname="DESKTOP-QIVP306" name="TestNG.TestNg1" tests="3" failures="0" timestamp="12 Apr 2019 18:20:29 GMT" time="0.000" errors="0">
  <testcase name="TestFB2" time="0.000" classname="TestNG.TestNg1"/>
  <testcase name="TestFB" time="0.000" classname="TestNG.TestNg1"/>
  <testcase name="TestFB1" time="0.000" classname="TestNG.TestNg1"/>
</testsuite> <!-- TestNG.TestNg1 -->
