<?xml version="1.0" encoding="UTF-8"?>
<!-- Generated by org.testng.reporters.JUnitReportReporter -->
<testsuite skipped="0" hostname="DESKTOP-QIVP306" name="DDT.NaukriUpdate" tests="1" failures="0" timestamp="15 Apr 2019 07:14:23 GMT" time="85.953" errors="0">
  <testcase name="t1" time="85.953" classname="DDT.NaukriUpdate"/>
</testsuite> <!-- DDT.NaukriUpdate -->
