<?xml version="1.0" encoding="UTF-8"?>
<!-- Generated by org.testng.reporters.JUnitReportReporter -->
<testsuite skipped="0" hostname="DESKTOP-QIVP306" name="Selenium.TestN" tests="3" failures="0" timestamp="08 Apr 2019 15:11:02 GMT" time="0.022" errors="0">
  <testcase name="Bample" time="0.004" classname="Selenium.TestN"/>
  <testcase name="Aample" time="0.013" classname="Selenium.TestN"/>
  <testcase name="Cample" time="0.005" classname="Selenium.TestN"/>
</testsuite> <!-- Selenium.TestN -->
