<?xml version="1.0" encoding="UTF-8"?>
<!-- Generated by org.testng.reporters.JUnitReportReporter -->
<testsuite skipped="0" hostname="DESKTOP-QIVP306" name="Pratice.RadioButton" tests="1" failures="0" timestamp="05 Apr 2019 09:28:57 GMT" time="58.743" errors="0">
  <testcase name="Login" time="58.743" classname="Pratice.RadioButton"/>
</testsuite> <!-- Pratice.RadioButton -->
