<?xml version="1.0" encoding="UTF-8"?>
<!-- Generated by org.testng.reporters.JUnitReportReporter -->
<testsuite skipped="0" hostname="DESKTOP-QIVP306" name="Selenium.Testng" tests="3" failures="0" timestamp="01 Apr 2019 13:52:10 GMT" time="0.069" errors="0">
  <testcase name="m1" time="0.041" classname="Selenium.Testng"/>
  <testcase name="m3" time="0.016" classname="Selenium.Testng"/>
  <testcase name="m2" time="0.012" classname="Selenium.Testng"/>
</testsuite> <!-- Selenium.Testng -->
