<?xml version="1.0" encoding="UTF-8"?>
<!-- Generated by org.testng.reporters.JUnitReportReporter -->
<testsuite skipped="0" hostname="DESKTOP-QIVP306" name="TestNG.TestNg2" tests="1" failures="0" timestamp="12 Apr 2019 18:20:29 GMT" time="0.009" errors="0">
  <testcase name="TestTwiterX" time="0.009" classname="TestNG.TestNg2"/>
</testsuite> <!-- TestNG.TestNg2 -->
