<?xml version="1.0" encoding="UTF-8"?>
<!-- Generated by org.testng.reporters.JUnitReportReporter -->
<testsuite skipped="0" hostname="DESKTOP-QIVP306" name="Mvideo.Webtable" tests="1" failures="0" timestamp="11 Mar 2019 18:12:08 GMT" time="50.728" errors="0">
  <testcase name="DatePickDemo" time="50.728" classname="Mvideo.Webtable"/>
</testsuite> <!-- Mvideo.Webtable -->
