<?xml version="1.0" encoding="UTF-8"?>
<!-- Generated by org.testng.reporters.JUnitReportReporter -->
<testsuite skipped="0" hostname="DESKTOP-QIVP306" name="Mvideo.WebtableAll" tests="1" failures="0" timestamp="03 Mar 2019 08:46:19 GMT" time="40.575" errors="0">
  <testcase name="DatePickDemo" time="40.575" classname="Mvideo.WebtableAll"/>
</testsuite> <!-- Mvideo.WebtableAll -->
