<?xml version="1.0" encoding="UTF-8"?>
<!-- Generated by org.testng.reporters.JUnitReportReporter -->
<testsuite skipped="0" hostname="DESKTOP-QIVP306" name="Selenium.IsDisplaed" tests="1" failures="0" timestamp="27 Mar 2019 11:58:55 GMT" time="80.478" errors="0">
  <testcase name="m" time="80.478" classname="Selenium.IsDisplaed"/>
</testsuite> <!-- Selenium.IsDisplaed -->
