<?xml version="1.0" encoding="UTF-8"?>
<!-- Generated by org.testng.reporters.JUnitReportReporter -->
<testsuite skipped="0" hostname="DESKTOP-QIVP306" name="Mvideo.SslCertificate" tests="1" failures="0" timestamp="28 Mar 2019 18:40:08 GMT" time="39.148" errors="0">
  <testcase name="m" time="39.148" classname="Mvideo.SslCertificate"/>
</testsuite> <!-- Mvideo.SslCertificate -->
