<?xml version="1.0" encoding="UTF-8"?>
<!-- Generated by org.testng.reporters.JUnitReportReporter -->
<testsuite skipped="0" hostname="DESKTOP-QIVP306" name="Pratice.WithoutSendkeys" tests="1" failures="0" timestamp="14 Apr 2019 13:01:18 GMT" time="13.305" errors="0">
  <testcase name="Without" time="13.305" classname="Pratice.WithoutSendkeys"/>
</testsuite> <!-- Pratice.WithoutSendkeys -->
