<?xml version="1.0" encoding="UTF-8"?>
<!-- Generated by org.testng.reporters.JUnitReportReporter -->
<testsuite skipped="0" hostname="DESKTOP-QIVP306" name="Pratice.NotextBox" tests="1" failures="0" timestamp="03 Mar 2019 09:58:21 GMT" time="43.591" errors="0">
  <testcase name="links" time="43.591" classname="Pratice.NotextBox"/>
</testsuite> <!-- Pratice.NotextBox -->
