<?xml version="1.0" encoding="UTF-8"?>
<!-- Generated by org.testng.reporters.JUnitReportReporter -->
<testsuite skipped="0" hostname="DESKTOP-QIVP306" name="InterviewR.Parallel" tests="2" failures="0" timestamp="05 Apr 2019 07:01:49 GMT" time="56.583" errors="0">
  <testcase name="myTest" time="25.183" classname="InterviewR.Parallel"/>
  <testcase name="myTest" time="31.400" classname="InterviewR.Parallel"/>
</testsuite> <!-- InterviewR.Parallel -->
