<?xml version="1.0" encoding="UTF-8"?>
<!-- Generated by org.testng.reporters.JUnitReportReporter -->
<testsuite skipped="0" hostname="DESKTOP-QIVP306" name="DDT.Parameter" tests="1" failures="0" timestamp="03 Mar 2019 06:46:33 GMT" time="22.398" errors="0">
  <testcase name="m" time="22.398" classname="DDT.Parameter"/>
</testsuite> <!-- DDT.Parameter -->
