<?xml version="1.0" encoding="UTF-8"?>
<!-- Generated by org.testng.reporters.JUnitReportReporter -->
<testsuite skipped="0" hostname="DESKTOP-QIVP306" name="InterviewR.DataProvide" tests="2" failures="0" timestamp="01 Apr 2019 12:46:37 GMT" time="131.552" errors="0">
  <testcase name="m" time="70.475" classname="InterviewR.DataProvide"/>
  <testcase name="m" time="61.077" classname="InterviewR.DataProvide"/>
</testsuite> <!-- InterviewR.DataProvide -->
