<?xml version="1.0" encoding="UTF-8"?>
<!-- Generated by org.testng.reporters.JUnitReportReporter -->
<testsuite skipped="0" hostname="DESKTOP-QIVP306" name="DDT.NukriMore" tests="1" failures="0" timestamp="03 Mar 2019 06:47:54 GMT" time="56.099" errors="0">
  <testcase name="aTest" time="56.099" classname="DDT.NukriMore"/>
</testsuite> <!-- DDT.NukriMore -->
