<?xml version="1.0" encoding="UTF-8"?>
<!-- Generated by org.testng.reporters.JUnitReportReporter -->
<testsuite skipped="0" hostname="DESKTOP-QIVP306" name="Mvideo.HiddenWebElements" tests="1" failures="0" timestamp="01 Apr 2019 13:37:59 GMT" time="42.021" errors="0">
  <testcase name="hidden" time="42.021" classname="Mvideo.HiddenWebElements"/>
</testsuite> <!-- Mvideo.HiddenWebElements -->
